\BOOKMARK [0][-]{chapter.1}{Introduction}{}% 1
\BOOKMARK [0][-]{chapter.2}{Sonification and audification experiments}{}% 2
\BOOKMARK [1][-]{section.2.1}{Thoughts on current state of sonification}{chapter.2}% 3
\BOOKMARK [1][-]{section.2.2}{Wireless network sonification}{chapter.2}% 4
\BOOKMARK [2][-]{subsection.2.2.1}{Work process and technical details}{section.2.2}% 5
\BOOKMARK [1][-]{section.2.3}{City attributes sonification}{chapter.2}% 6
\BOOKMARK [0][-]{chapter.3}{Other works}{}% 7
\BOOKMARK [1][-]{section.3.1}{Binmatu}{chapter.3}% 8
\BOOKMARK [2][-]{subsection.3.1.1}{Introduction}{section.3.1}% 9
\BOOKMARK [2][-]{subsection.3.1.2}{Starting point}{section.3.1}% 10
\BOOKMARK [2][-]{subsection.3.1.3}{Binmatu}{section.3.1}% 11
\BOOKMARK [2][-]{subsection.3.1.4}{Selected performances and installations}{section.3.1}% 12
\BOOKMARK [2][-]{subsection.3.1.5}{Conclusion}{section.3.1}% 13
\BOOKMARK [1][-]{section.3.2}{Phasolume}{chapter.3}% 14
\BOOKMARK [2][-]{subsection.3.2.1}{Introduction}{section.3.2}% 15
\BOOKMARK [2][-]{subsection.3.2.2}{Working process}{section.3.2}% 16
\BOOKMARK [2][-]{subsection.3.2.3}{Concept and execution}{section.3.2}% 17
\BOOKMARK [2][-]{subsection.3.2.4}{Exhibition}{section.3.2}% 18
\BOOKMARK [2][-]{subsection.3.2.5}{Conclusion}{section.3.2}% 19
\BOOKMARK [0][-]{chapter.4}{Conclusion}{}% 20
\BOOKMARK [0][-]{chapter*.3}{References}{}% 21
